#
# A fatal error has been detected by the Java Runtime Environment:
#
#  EXCEPTION_ACCESS_VIOLATION (0xc0000005) at pc=0x00007ff9a96accc9, pid=32324, tid=32876
#
# JRE version: OpenJDK Runtime Environment (11.0+28) (build 11+28)
# Java VM: OpenJDK 64-Bit Server VM (11+28, mixed mode, tiered, compressed oops, g1 gc, windows-amd64)
# Problematic frame:
# V  [jvm.dll+0x6cccc9]
#
# No core dump will be written. Minidumps are not enabled by default on client versions of Windows
#
# If you would like to submit a bug report, please visit:
#   http://bugreport.java.com/bugreport/crash.jsp
#

---------------  S U M M A R Y ------------

Command Line: -Dcom.sun.management.jmxremote -Dcom.sun.management.jmxremote.port=56728 -Dcom.sun.management.jmxremote.authenticate=false -Dcom.sun.management.jmxremote.ssl=false -Djava.rmi.server.hostname=localhost -Dspring.jmx.enabled=true -Dspring.application.admin.enabled=true -Xverify:none -XX:TieredStopAtLevel=1 -Dspring.boot.project.name=levelout-web -Dfile.encoding=Cp1252 com.levelout.web.LeveloutWebApplication --spring.output.ansi.enabled=always

Host: Intel(R) Core(TM) i3-8130U CPU @ 2.20GHz, 4 cores, 19G,  Windows 10 , 64 bit Build 25276 (10.0.25276.1000)
Time: Mon Jan 23 12:49:50 2023 India Standard Time elapsed time: 1 seconds (0d 0h 0m 1s)

---------------  T H R E A D  ---------------

Current thread (0x0000024e3ddb8000):  WatcherThread [stack: 0x0000009535100000,0x0000009535200000] [id=32876]

Stack: [0x0000009535100000,0x0000009535200000],  sp=0x00000095351ff650,  free space=1021k
Native frames: (J=compiled Java code, j=interpreted, Vv=VM code, C=native code)
V  [jvm.dll+0x6cccc9]
V  [jvm.dll+0x71847d]
V  [jvm.dll+0x73de29]
V  [jvm.dll+0x639e42]
C  [ucrtbase.dll+0x2b11b]
C  [KERNEL32.DLL+0x13d2d]
C  [ntdll.dll+0x4d838]


siginfo: EXCEPTION_ACCESS_VIOLATION (0xc0000005), reading address 0x0000000c0000000b


Register to memory mapping:

RIP=0x00007ff9a96accc9 jvm.dll
RAX=0x0000024e3dd04110 points into unknown readable memory
RBX=0x0 is NULL
RCX=0x0000000c0000000b is an unknown value
RDX=0x000000000000003a is an unknown value
RSP=0x00000095351ff650 points into unknown readable memory
RBP=0x0000000000000002 is an unknown value
RSI=0x0000024e3dd04130 points into unknown readable memory
RDI=0x0 is NULL
R8 =0x0 is NULL
R9 =0x0000024e1ecc0b80 is at begin+0 in a stub
StubRoutines::atomic_cmpxchg_long [0x0000024e1ecc0b80, 0x0000024e1ecc0b89[ (9 bytes)
R10=0x00000000546c6148 is an unknown value
R11=0x000005012523e086 is an unknown value
R12=0x0 is NULL
R13=0x0000024e3ddb8000 points into unknown readable memory
R14=0x000000000000003a is an unknown value
R15=0x0000024e3d294fe0 points into unknown readable memory


Registers:
RAX=0x0000024e3dd04110, RBX=0x0000000000000000, RCX=0x0000000c0000000b, RDX=0x000000000000003a
RSP=0x00000095351ff650, RBP=0x0000000000000002, RSI=0x0000024e3dd04130, RDI=0x0000000000000000
R8 =0x0000000000000000, R9 =0x0000024e1ecc0b80, R10=0x00000000546c6148, R11=0x000005012523e086
R12=0x0000000000000000, R13=0x0000024e3ddb8000, R14=0x000000000000003a, R15=0x0000024e3d294fe0
RIP=0x00007ff9a96accc9, EFLAGS=0x0000000000010202

Top of Stack: (sp=0x00000095351ff650)
0x00000095351ff650:   0000024e3ddb8000 0000024e3ddb8000
0x00000095351ff660:   000211257b31ead0 00007ff9a95edac9
0x00000095351ff670:   00007ff9a9a6b418 00007ff9a96f847d
0x00000095351ff680:   0000000000000001 0000024e1692b9f0
0x00000095351ff690:   0000024e1692b9f0 431bde82d7b634db
0x00000095351ff6a0:   0000024e3d294fe0 000211257b31ead0
0x00000095351ff6b0:   0000024e1692b9f0 00007ff9a971de29
0x00000095351ff6c0:   0000000000000001 000000000000003a
0x00000095351ff6d0:   0000000000000032 0000000000000002
0x00000095351ff6e0:   0000000000000000 0000000000000000
0x00000095351ff6f0:   0000000000000000 0000000000000000
0x00000095351ff700:   0000000000000000 0000000000000000
0x00000095351ff710:   0000000000000000 0000000000000000
0x00000095351ff720:   0000000000000000 0000000000000000
0x00000095351ff730:   0000000000000000 00000095351ff7f0
0x00000095351ff740:   0000024e3ddb8000 00007ff9a9619e42 

Instructions: (pc=0x00007ff9a96accc9)
0x00007ff9a96acca9:   20 48 8b 35 27 96 3b 00 33 db 48 8b 06 39 18 7e
0x00007ff9a96accb9:   27 48 89 7c 24 30 8b fb 48 8b 40 18 48 8b 0c 07
0x00007ff9a96accc9:   48 8b 01 ff 50 08 48 8b 06 48 8d 7f 08 ff c3 3b
0x00007ff9a96accd9:   18 7c e5 48 8b 7c 24 30 48 8b 5c 24 38 48 83 c4 



---------------  P R O C E S S  ---------------

Threads class SMR info:
_java_thread_list=0x0000024e3dda3020, length=13, elements={
0x0000024e1692f000, 0x0000024e3c6a2000, 0x0000024e3cfb8000, 0x0000024e3cfc1000,
0x0000024e3cfc1800, 0x0000024e3cfc5800, 0x0000024e3c6aa000, 0x0000024e3cf8a800,
0x0000024e3d240800, 0x0000024e3dcd0000, 0x0000024e3dd54000, 0x0000024e3dd39000,
0x0000024e3dd2e000
}

Java Threads: ( => current thread )
  0x0000024e1692f000 JavaThread "main" [_thread_in_vm, id=33436, stack(0x0000009533b00000,0x0000009533c00000)]
  0x0000024e3c6a2000 JavaThread "Reference Handler" daemon [_thread_blocked, id=33416, stack(0x0000009534200000,0x0000009534300000)]
  0x0000024e3cfb8000 JavaThread "Finalizer" daemon [_thread_blocked, id=29536, stack(0x0000009534300000,0x0000009534400000)]
  0x0000024e3cfc1000 JavaThread "Signal Dispatcher" daemon [_thread_blocked, id=33368, stack(0x0000009534400000,0x0000009534500000)]
  0x0000024e3cfc1800 JavaThread "Attach Listener" daemon [_thread_blocked, id=32952, stack(0x0000009534500000,0x0000009534600000)]
  0x0000024e3cfc5800 JavaThread "C1 CompilerThread0" daemon [_thread_blocked, id=33520, stack(0x0000009534600000,0x0000009534700000)]
  0x0000024e3c6aa000 JavaThread "Sweeper thread" daemon [_thread_blocked, id=31084, stack(0x0000009534700000,0x0000009534800000)]
  0x0000024e3cf8a800 JavaThread "Common-Cleaner" daemon [_thread_blocked, id=30804, stack(0x0000009534800000,0x0000009534900000)]
  0x0000024e3d240800 JavaThread "Service Thread" daemon [_thread_blocked, id=28824, stack(0x0000009534900000,0x0000009534a00000)]
  0x0000024e3dcd0000 JavaThread "C1 CompilerThread1" daemon [_thread_blocked, id=30408, stack(0x0000009534d00000,0x0000009534e00000)]
  0x0000024e3dd54000 JavaThread "RMI TCP Accept-0" daemon [_thread_in_native, id=33640, stack(0x0000009534e00000,0x0000009534f00000)]
  0x0000024e3dd39000 JavaThread "RMI TCP Accept-56728" daemon [_thread_in_native, id=33564, stack(0x0000009534f00000,0x0000009535000000)]
  0x0000024e3dd2e000 JavaThread "RMI TCP Accept-0" daemon [_thread_in_native, id=32908, stack(0x0000009535000000,0x0000009535100000)]

Other Threads:
  0x0000024e3c69e000 VMThread "VM Thread" [stack: 0x0000009534100000,0x0000009534200000] [id=33596]
=>0x0000024e3ddb8000 WatcherThread [stack: 0x0000009535100000,0x0000009535200000] [id=32876]
  0x0000024e16944800 GCTaskThread "GC Thread#0" [stack: 0x0000009533c00000,0x0000009533d00000] [id=31904]
  0x0000024e3db04800 GCTaskThread "GC Thread#1" [stack: 0x0000009534a00000,0x0000009534b00000] [id=32632]
  0x0000024e3db05000 GCTaskThread "GC Thread#2" [stack: 0x0000009534b00000,0x0000009534c00000] [id=30964]
  0x0000024e3db15800 GCTaskThread "GC Thread#3" [stack: 0x0000009534c00000,0x0000009534d00000] [id=5596]
  0x0000024e169b7800 ConcurrentGCThread "G1 Main Marker" [stack: 0x0000009533d00000,0x0000009533e00000] [id=32196]
  0x0000024e169ba800 ConcurrentGCThread "G1 Conc#0" [stack: 0x0000009533e00000,0x0000009533f00000] [id=32772]
  0x0000024e3c5d3000 ConcurrentGCThread "G1 Refine#0" [stack: 0x0000009533f00000,0x0000009534000000] [id=28972]
  0x0000024e3c5d8000 ConcurrentGCThread "G1 Young RemSet Sampling" [stack: 0x0000009534000000,0x0000009534100000] [id=32868]

Threads with active compile tasks:

VM state:not at safepoint (normal execution)

VM Mutex/Monitor currently owned by a thread:  ([mutex/lock_event])
[0x0000024e1692b9f0] PeriodicTask_lock - owner thread: 0x0000024e3ddb8000

Heap address: 0x00000006c2200000, size: 5086 MB, Compressed Oops mode: Zero based, Oop shift amount: 3
Narrow klass base: 0x0000000800000000, Narrow klass shift: 0
Compressed class space size: 1073741824 Address: 0x0000000800000000

Heap:
 garbage-first heap   total 325632K, used 34895K [0x00000006c2200000, 0x0000000800000000)
  region size 1024K, 23 young (23552K), 2 survivors (2048K)
 Metaspace       used 17397K, capacity 17903K, committed 18176K, reserved 1064960K
  class space    used 1971K, capacity 2179K, committed 2304K, reserved 1048576K
Heap Regions: E=young(eden), S=young(survivor), O=old, HS=humongous(starts), HC=humongous(continues), CS=collection set, F=free, A=archive, TAMS=top-at-mark-start (previous, next)
|   0|0x00000006c2200000, 0x00000006c2300000, 0x00000006c2300000|100%|HS|  |TAMS 0x00000006c2200000, 0x00000006c2200000| Complete 
|   1|0x00000006c2300000, 0x00000006c2400000, 0x00000006c2400000|100%|HC|  |TAMS 0x00000006c2300000, 0x00000006c2300000| Complete 
|   2|0x00000006c2400000, 0x00000006c2500000, 0x00000006c2500000|100%|HS|  |TAMS 0x00000006c2400000, 0x00000006c2400000| Complete 
|   3|0x00000006c2500000, 0x00000006c2600000, 0x00000006c2600000|100%|HC|  |TAMS 0x00000006c2500000, 0x00000006c2500000| Complete 
|   4|0x00000006c2600000, 0x00000006c2700000, 0x00000006c2700000|100%| O|  |TAMS 0x00000006c2600000, 0x00000006c2600000| Untracked 
|   5|0x00000006c2700000, 0x00000006c2800000, 0x00000006c2800000|100%| O|  |TAMS 0x00000006c2700000, 0x00000006c2700000| Untracked 
|   6|0x00000006c2800000, 0x00000006c2900000, 0x00000006c2900000|100%| O|  |TAMS 0x00000006c2800000, 0x00000006c2800000| Untracked 
|   7|0x00000006c2900000, 0x00000006c2a00000, 0x00000006c2a00000|100%| O|  |TAMS 0x00000006c2900000, 0x00000006c2900000| Untracked 
|   8|0x00000006c2a00000, 0x00000006c2b00000, 0x00000006c2b00000|100%| O|  |TAMS 0x00000006c2a00000, 0x00000006c2a00000| Untracked 
|   9|0x00000006c2b00000, 0x00000006c2c00000, 0x00000006c2c00000|100%| O|  |TAMS 0x00000006c2b00000, 0x00000006c2b00000| Untracked 
|  10|0x00000006c2c00000, 0x00000006c2d00000, 0x00000006c2d00000|100%| O|  |TAMS 0x00000006c2c00000, 0x00000006c2c00000| Untracked 
|  11|0x00000006c2d00000, 0x00000006c2e00000, 0x00000006c2e00000|100%| O|  |TAMS 0x00000006c2d00000, 0x00000006c2d00000| Untracked 
|  12|0x00000006c2e00000, 0x00000006c2e13e00, 0x00000006c2f00000|  7%| O|  |TAMS 0x00000006c2e00000, 0x00000006c2e00000| Untracked 
|  13|0x00000006c2f00000, 0x00000006c2f00000, 0x00000006c3000000|  0%| F|  |TAMS 0x00000006c2f00000, 0x00000006c2f00000| Untracked 
|  14|0x00000006c3000000, 0x00000006c3000000, 0x00000006c3100000|  0%| F|  |TAMS 0x00000006c3000000, 0x00000006c3000000| Untracked 
|  15|0x00000006c3100000, 0x00000006c3100000, 0x00000006c3200000|  0%| F|  |TAMS 0x00000006c3100000, 0x00000006c3100000| Untracked 
|  16|0x00000006c3200000, 0x00000006c3200000, 0x00000006c3300000|  0%| F|  |TAMS 0x00000006c3200000, 0x00000006c3200000| Untracked 
|  17|0x00000006c3300000, 0x00000006c3300000, 0x00000006c3400000|  0%| F|  |TAMS 0x00000006c3300000, 0x00000006c3300000| Untracked 
|  18|0x00000006c3400000, 0x00000006c3400000, 0x00000006c3500000|  0%| F|  |TAMS 0x00000006c3400000, 0x00000006c3400000| Untracked 
|  19|0x00000006c3500000, 0x00000006c3500000, 0x00000006c3600000|  0%| F|  |TAMS 0x00000006c3500000, 0x00000006c3500000| Untracked 
|  20|0x00000006c3600000, 0x00000006c3600000, 0x00000006c3700000|  0%| F|  |TAMS 0x00000006c3600000, 0x00000006c3600000| Untracked 
|  21|0x00000006c3700000, 0x00000006c3700000, 0x00000006c3800000|  0%| F|  |TAMS 0x00000006c3700000, 0x00000006c3700000| Untracked 
|  22|0x00000006c3800000, 0x00000006c3800000, 0x00000006c3900000|  0%| F|  |TAMS 0x00000006c3800000, 0x00000006c3800000| Untracked 
|  23|0x00000006c3900000, 0x00000006c3900000, 0x00000006c3a00000|  0%| F|  |TAMS 0x00000006c3900000, 0x00000006c3900000| Untracked 
|  24|0x00000006c3a00000, 0x00000006c3a00000, 0x00000006c3b00000|  0%| F|  |TAMS 0x00000006c3a00000, 0x00000006c3a00000| Untracked 
|  25|0x00000006c3b00000, 0x00000006c3b00000, 0x00000006c3c00000|  0%| F|  |TAMS 0x00000006c3b00000, 0x00000006c3b00000| Untracked 
|  26|0x00000006c3c00000, 0x00000006c3c00000, 0x00000006c3d00000|  0%| F|  |TAMS 0x00000006c3c00000, 0x00000006c3c00000| Untracked 
|  27|0x00000006c3d00000, 0x00000006c3d00000, 0x00000006c3e00000|  0%| F|  |TAMS 0x00000006c3d00000, 0x00000006c3d00000| Untracked 
|  28|0x00000006c3e00000, 0x00000006c3e00000, 0x00000006c3f00000|  0%| F|  |TAMS 0x00000006c3e00000, 0x00000006c3e00000| Untracked 
|  29|0x00000006c3f00000, 0x00000006c3f00000, 0x00000006c4000000|  0%| F|  |TAMS 0x00000006c3f00000, 0x00000006c3f00000| Untracked 
|  30|0x00000006c4000000, 0x00000006c4000000, 0x00000006c4100000|  0%| F|  |TAMS 0x00000006c4000000, 0x00000006c4000000| Untracked 
|  31|0x00000006c4100000, 0x00000006c4100000, 0x00000006c4200000|  0%| F|  |TAMS 0x00000006c4100000, 0x00000006c4100000| Untracked 
|  32|0x00000006c4200000, 0x00000006c4200000, 0x00000006c4300000|  0%| F|  |TAMS 0x00000006c4200000, 0x00000006c4200000| Untracked 
|  33|0x00000006c4300000, 0x00000006c4300000, 0x00000006c4400000|  0%| F|  |TAMS 0x00000006c4300000, 0x00000006c4300000| Untracked 
|  34|0x00000006c4400000, 0x00000006c4400000, 0x00000006c4500000|  0%| F|  |TAMS 0x00000006c4400000, 0x00000006c4400000| Untracked 
|  35|0x00000006c4500000, 0x00000006c4500000, 0x00000006c4600000|  0%| F|  |TAMS 0x00000006c4500000, 0x00000006c4500000| Untracked 
|  36|0x00000006c4600000, 0x00000006c4600000, 0x00000006c4700000|  0%| F|  |TAMS 0x00000006c4600000, 0x00000006c4600000| Untracked 
|  37|0x00000006c4700000, 0x00000006c4700000, 0x00000006c4800000|  0%| F|  |TAMS 0x00000006c4700000, 0x00000006c4700000| Untracked 
|  38|0x00000006c4800000, 0x00000006c4800000, 0x00000006c4900000|  0%| F|  |TAMS 0x00000006c4800000, 0x00000006c4800000| Untracked 
|  39|0x00000006c4900000, 0x00000006c4900000, 0x00000006c4a00000|  0%| F|  |TAMS 0x00000006c4900000, 0x00000006c4900000| Untracked 
|  40|0x00000006c4a00000, 0x00000006c4a00000, 0x00000006c4b00000|  0%| F|  |TAMS 0x00000006c4a00000, 0x00000006c4a00000| Untracked 
|  41|0x00000006c4b00000, 0x00000006c4b00000, 0x00000006c4c00000|  0%| F|  |TAMS 0x00000006c4b00000, 0x00000006c4b00000| Untracked 
|  42|0x00000006c4c00000, 0x00000006c4c00000, 0x00000006c4d00000|  0%| F|  |TAMS 0x00000006c4c00000, 0x00000006c4c00000| Untracked 
|  43|0x00000006c4d00000, 0x00000006c4d00000, 0x00000006c4e00000|  0%| F|  |TAMS 0x00000006c4d00000, 0x00000006c4d00000| Untracked 
|  44|0x00000006c4e00000, 0x00000006c4e00000, 0x00000006c4f00000|  0%| F|  |TAMS 0x00000006c4e00000, 0x00000006c4e00000| Untracked 
|  45|0x00000006c4f00000, 0x00000006c4f00000, 0x00000006c5000000|  0%| F|  |TAMS 0x00000006c4f00000, 0x00000006c4f00000| Untracked 
|  46|0x00000006c5000000, 0x00000006c5000000, 0x00000006c5100000|  0%| F|  |TAMS 0x00000006c5000000, 0x00000006c5000000| Untracked 
|  47|0x00000006c5100000, 0x00000006c5100000, 0x00000006c5200000|  0%| F|  |TAMS 0x00000006c5100000, 0x00000006c5100000| Untracked 
|  48|0x00000006c5200000, 0x00000006c5200000, 0x00000006c5300000|  0%| F|  |TAMS 0x00000006c5200000, 0x00000006c5200000| Untracked 
|  49|0x00000006c5300000, 0x00000006c5300000, 0x00000006c5400000|  0%| F|  |TAMS 0x00000006c5300000, 0x00000006c5300000| Untracked 
|  50|0x00000006c5400000, 0x00000006c5400000, 0x00000006c5500000|  0%| F|  |TAMS 0x00000006c5400000, 0x00000006c5400000| Untracked 
|  51|0x00000006c5500000, 0x00000006c5500000, 0x00000006c5600000|  0%| F|  |TAMS 0x00000006c5500000, 0x00000006c5500000| Untracked 
|  52|0x00000006c5600000, 0x00000006c5600000, 0x00000006c5700000|  0%| F|  |TAMS 0x00000006c5600000, 0x00000006c5600000| Untracked 
|  53|0x00000006c5700000, 0x00000006c5700000, 0x00000006c5800000|  0%| F|  |TAMS 0x00000006c5700000, 0x00000006c5700000| Untracked 
|  54|0x00000006c5800000, 0x00000006c5800000, 0x00000006c5900000|  0%| F|  |TAMS 0x00000006c5800000, 0x00000006c5800000| Untracked 
|  55|0x00000006c5900000, 0x00000006c5900000, 0x00000006c5a00000|  0%| F|  |TAMS 0x00000006c5900000, 0x00000006c5900000| Untracked 
|  56|0x00000006c5a00000, 0x00000006c5a00000, 0x00000006c5b00000|  0%| F|  |TAMS 0x00000006c5a00000, 0x00000006c5a00000| Untracked 
|  57|0x00000006c5b00000, 0x00000006c5b00000, 0x00000006c5c00000|  0%| F|  |TAMS 0x00000006c5b00000, 0x00000006c5b00000| Untracked 
|  58|0x00000006c5c00000, 0x00000006c5c00000, 0x00000006c5d00000|  0%| F|  |TAMS 0x00000006c5c00000, 0x00000006c5c00000| Untracked 
|  59|0x00000006c5d00000, 0x00000006c5d00000, 0x00000006c5e00000|  0%| F|  |TAMS 0x00000006c5d00000, 0x00000006c5d00000| Untracked 
|  60|0x00000006c5e00000, 0x00000006c5e00000, 0x00000006c5f00000|  0%| F|  |TAMS 0x00000006c5e00000, 0x00000006c5e00000| Untracked 
|  61|0x00000006c5f00000, 0x00000006c5f00000, 0x00000006c6000000|  0%| F|  |TAMS 0x00000006c5f00000, 0x00000006c5f00000| Untracked 
|  62|0x00000006c6000000, 0x00000006c6000000, 0x00000006c6100000|  0%| F|  |TAMS 0x00000006c6000000, 0x00000006c6000000| Untracked 
|  63|0x00000006c6100000, 0x00000006c6100000, 0x00000006c6200000|  0%| F|  |TAMS 0x00000006c6100000, 0x00000006c6100000| Untracked 
|  64|0x00000006c6200000, 0x00000006c6200000, 0x00000006c6300000|  0%| F|  |TAMS 0x00000006c6200000, 0x00000006c6200000| Untracked 
|  65|0x00000006c6300000, 0x00000006c6300000, 0x00000006c6400000|  0%| F|  |TAMS 0x00000006c6300000, 0x00000006c6300000| Untracked 
|  66|0x00000006c6400000, 0x00000006c6400000, 0x00000006c6500000|  0%| F|  |TAMS 0x00000006c6400000, 0x00000006c6400000| Untracked 
|  67|0x00000006c6500000, 0x00000006c6500000, 0x00000006c6600000|  0%| F|  |TAMS 0x00000006c6500000, 0x00000006c6500000| Untracked 
|  68|0x00000006c6600000, 0x00000006c6600000, 0x00000006c6700000|  0%| F|  |TAMS 0x00000006c6600000, 0x00000006c6600000| Untracked 
|  69|0x00000006c6700000, 0x00000006c6700000, 0x00000006c6800000|  0%| F|  |TAMS 0x00000006c6700000, 0x00000006c6700000| Untracked 
|  70|0x00000006c6800000, 0x00000006c6800000, 0x00000006c6900000|  0%| F|  |TAMS 0x00000006c6800000, 0x00000006c6800000| Untracked 
|  71|0x00000006c6900000, 0x00000006c6900000, 0x00000006c6a00000|  0%| F|  |TAMS 0x00000006c6900000, 0x00000006c6900000| Untracked 
|  72|0x00000006c6a00000, 0x00000006c6a00000, 0x00000006c6b00000|  0%| F|  |TAMS 0x00000006c6a00000, 0x00000006c6a00000| Untracked 
|  73|0x00000006c6b00000, 0x00000006c6b00000, 0x00000006c6c00000|  0%| F|  |TAMS 0x00000006c6b00000, 0x00000006c6b00000| Untracked 
|  74|0x00000006c6c00000, 0x00000006c6c00000, 0x00000006c6d00000|  0%| F|  |TAMS 0x00000006c6c00000, 0x00000006c6c00000| Untracked 
|  75|0x00000006c6d00000, 0x00000006c6d00000, 0x00000006c6e00000|  0%| F|  |TAMS 0x00000006c6d00000, 0x00000006c6d00000| Untracked 
|  76|0x00000006c6e00000, 0x00000006c6e00000, 0x00000006c6f00000|  0%| F|  |TAMS 0x00000006c6e00000, 0x00000006c6e00000| Untracked 
|  77|0x00000006c6f00000, 0x00000006c6f00000, 0x00000006c7000000|  0%| F|  |TAMS 0x00000006c6f00000, 0x00000006c6f00000| Untracked 
|  78|0x00000006c7000000, 0x00000006c7000000, 0x00000006c7100000|  0%| F|  |TAMS 0x00000006c7000000, 0x00000006c7000000| Untracked 
|  79|0x00000006c7100000, 0x00000006c7100000, 0x00000006c7200000|  0%| F|  |TAMS 0x00000006c7100000, 0x00000006c7100000| Untracked 
|  80|0x00000006c7200000, 0x00000006c7200000, 0x00000006c7300000|  0%| F|  |TAMS 0x00000006c7200000, 0x00000006c7200000| Untracked 
|  81|0x00000006c7300000, 0x00000006c7300000, 0x00000006c7400000|  0%| F|  |TAMS 0x00000006c7300000, 0x00000006c7300000| Untracked 
|  82|0x00000006c7400000, 0x00000006c7400000, 0x00000006c7500000|  0%| F|  |TAMS 0x00000006c7400000, 0x00000006c7400000| Untracked 
|  83|0x00000006c7500000, 0x00000006c7500000, 0x00000006c7600000|  0%| F|  |TAMS 0x00000006c7500000, 0x00000006c7500000| Untracked 
|  84|0x00000006c7600000, 0x00000006c7600000, 0x00000006c7700000|  0%| F|  |TAMS 0x00000006c7600000, 0x00000006c7600000| Untracked 
|  85|0x00000006c7700000, 0x00000006c7700000, 0x00000006c7800000|  0%| F|  |TAMS 0x00000006c7700000, 0x00000006c7700000| Untracked 
|  86|0x00000006c7800000, 0x00000006c7800000, 0x00000006c7900000|  0%| F|  |TAMS 0x00000006c7800000, 0x00000006c7800000| Untracked 
|  87|0x00000006c7900000, 0x00000006c7900000, 0x00000006c7a00000|  0%| F|  |TAMS 0x00000006c7900000, 0x00000006c7900000| Untracked 
|  88|0x00000006c7a00000, 0x00000006c7a00000, 0x00000006c7b00000|  0%| F|  |TAMS 0x00000006c7a00000, 0x00000006c7a00000| Untracked 
|  89|0x00000006c7b00000, 0x00000006c7b00000, 0x00000006c7c00000|  0%| F|  |TAMS 0x00000006c7b00000, 0x00000006c7b00000| Untracked 
|  90|0x00000006c7c00000, 0x00000006c7c00000, 0x00000006c7d00000|  0%| F|  |TAMS 0x00000006c7c00000, 0x00000006c7c00000| Untracked 
|  91|0x00000006c7d00000, 0x00000006c7d00000, 0x00000006c7e00000|  0%| F|  |TAMS 0x00000006c7d00000, 0x00000006c7d00000| Untracked 
|  92|0x00000006c7e00000, 0x00000006c7e00000, 0x00000006c7f00000|  0%| F|  |TAMS 0x00000006c7e00000, 0x00000006c7e00000| Untracked 
|  93|0x00000006c7f00000, 0x00000006c7f00000, 0x00000006c8000000|  0%| F|  |TAMS 0x00000006c7f00000, 0x00000006c7f00000| Untracked 
|  94|0x00000006c8000000, 0x00000006c8000000, 0x00000006c8100000|  0%| F|  |TAMS 0x00000006c8000000, 0x00000006c8000000| Untracked 
|  95|0x00000006c8100000, 0x00000006c8100000, 0x00000006c8200000|  0%| F|  |TAMS 0x00000006c8100000, 0x00000006c8100000| Untracked 
|  96|0x00000006c8200000, 0x00000006c8200000, 0x00000006c8300000|  0%| F|  |TAMS 0x00000006c8200000, 0x00000006c8200000| Untracked 
|  97|0x00000006c8300000, 0x00000006c8300000, 0x00000006c8400000|  0%| F|  |TAMS 0x00000006c8300000, 0x00000006c8300000| Untracked 
|  98|0x00000006c8400000, 0x00000006c8400000, 0x00000006c8500000|  0%| F|  |TAMS 0x00000006c8400000, 0x00000006c8400000| Untracked 
|  99|0x00000006c8500000, 0x00000006c8500000, 0x00000006c8600000|  0%| F|  |TAMS 0x00000006c8500000, 0x00000006c8500000| Untracked 
| 100|0x00000006c8600000, 0x00000006c8600000, 0x00000006c8700000|  0%| F|  |TAMS 0x00000006c8600000, 0x00000006c8600000| Untracked 
| 101|0x00000006c8700000, 0x00000006c8700000, 0x00000006c8800000|  0%| F|  |TAMS 0x00000006c8700000, 0x00000006c8700000| Untracked 
| 102|0x00000006c8800000, 0x00000006c8800000, 0x00000006c8900000|  0%| F|  |TAMS 0x00000006c8800000, 0x00000006c8800000| Untracked 
| 103|0x00000006c8900000, 0x00000006c8900000, 0x00000006c8a00000|  0%| F|  |TAMS 0x00000006c8900000, 0x00000006c8900000| Untracked 
| 104|0x00000006c8a00000, 0x00000006c8a00000, 0x00000006c8b00000|  0%| F|  |TAMS 0x00000006c8a00000, 0x00000006c8a00000| Untracked 
| 105|0x00000006c8b00000, 0x00000006c8b00000, 0x00000006c8c00000|  0%| F|  |TAMS 0x00000006c8b00000, 0x00000006c8b00000| Untracked 
| 106|0x00000006c8c00000, 0x00000006c8c00000, 0x00000006c8d00000|  0%| F|  |TAMS 0x00000006c8c00000, 0x00000006c8c00000| Untracked 
| 107|0x00000006c8d00000, 0x00000006c8d00000, 0x00000006c8e00000|  0%| F|  |TAMS 0x00000006c8d00000, 0x00000006c8d00000| Untracked 
| 108|0x00000006c8e00000, 0x00000006c8e00000, 0x00000006c8f00000|  0%| F|  |TAMS 0x00000006c8e00000, 0x00000006c8e00000| Untracked 
| 109|0x00000006c8f00000, 0x00000006c8f00000, 0x00000006c9000000|  0%| F|  |TAMS 0x00000006c8f00000, 0x00000006c8f00000| Untracked 
| 110|0x00000006c9000000, 0x00000006c9000000, 0x00000006c9100000|  0%| F|  |TAMS 0x00000006c9000000, 0x00000006c9000000| Untracked 
| 111|0x00000006c9100000, 0x00000006c9100000, 0x00000006c9200000|  0%| F|  |TAMS 0x00000006c9100000, 0x00000006c9100000| Untracked 
| 112|0x00000006c9200000, 0x00000006c9200000, 0x00000006c9300000|  0%| F|  |TAMS 0x00000006c9200000, 0x00000006c9200000| Untracked 
| 113|0x00000006c9300000, 0x00000006c9300000, 0x00000006c9400000|  0%| F|  |TAMS 0x00000006c9300000, 0x00000006c9300000| Untracked 
| 114|0x00000006c9400000, 0x00000006c9400000, 0x00000006c9500000|  0%| F|  |TAMS 0x00000006c9400000, 0x00000006c9400000| Untracked 
| 115|0x00000006c9500000, 0x00000006c9500000, 0x00000006c9600000|  0%| F|  |TAMS 0x00000006c9500000, 0x00000006c9500000| Untracked 
| 116|0x00000006c9600000, 0x00000006c9600000, 0x00000006c9700000|  0%| F|  |TAMS 0x00000006c9600000, 0x00000006c9600000| Untracked 
| 117|0x00000006c9700000, 0x00000006c9700000, 0x00000006c9800000|  0%| F|  |TAMS 0x00000006c9700000, 0x00000006c9700000| Untracked 
| 118|0x00000006c9800000, 0x00000006c9800000, 0x00000006c9900000|  0%| F|  |TAMS 0x00000006c9800000, 0x00000006c9800000| Untracked 
| 119|0x00000006c9900000, 0x00000006c9900000, 0x00000006c9a00000|  0%| F|  |TAMS 0x00000006c9900000, 0x00000006c9900000| Untracked 
| 120|0x00000006c9a00000, 0x00000006c9a00000, 0x00000006c9b00000|  0%| F|  |TAMS 0x00000006c9a00000, 0x00000006c9a00000| Untracked 
| 121|0x00000006c9b00000, 0x00000006c9b00000, 0x00000006c9c00000|  0%| F|  |TAMS 0x00000006c9b00000, 0x00000006c9b00000| Untracked 
| 122|0x00000006c9c00000, 0x00000006c9c00000, 0x00000006c9d00000|  0%| F|  |TAMS 0x00000006c9c00000, 0x00000006c9c00000| Untracked 
| 123|0x00000006c9d00000, 0x00000006c9d00000, 0x00000006c9e00000|  0%| F|  |TAMS 0x00000006c9d00000, 0x00000006c9d00000| Untracked 
| 124|0x00000006c9e00000, 0x00000006c9e00000, 0x00000006c9f00000|  0%| F|  |TAMS 0x00000006c9e00000, 0x00000006c9e00000| Untracked 
| 125|0x00000006c9f00000, 0x00000006c9f00000, 0x00000006ca000000|  0%| F|  |TAMS 0x00000006c9f00000, 0x00000006c9f00000| Untracked 
| 126|0x00000006ca000000, 0x00000006ca000000, 0x00000006ca100000|  0%| F|  |TAMS 0x00000006ca000000, 0x00000006ca000000| Untracked 
| 127|0x00000006ca100000, 0x00000006ca100000, 0x00000006ca200000|  0%| F|  |TAMS 0x00000006ca100000, 0x00000006ca100000| Untracked 
| 128|0x00000006ca200000, 0x00000006ca200000, 0x00000006ca300000|  0%| F|  |TAMS 0x00000006ca200000, 0x00000006ca200000| Untracked 
| 129|0x00000006ca300000, 0x00000006ca300000, 0x00000006ca400000|  0%| F|  |TAMS 0x00000006ca300000, 0x00000006ca300000| Untracked 
| 130|0x00000006ca400000, 0x00000006ca400000, 0x00000006ca500000|  0%| F|  |TAMS 0x00000006ca400000, 0x00000006ca400000| Untracked 
| 131|0x00000006ca500000, 0x00000006ca500000, 0x00000006ca600000|  0%| F|  |TAMS 0x00000006ca500000, 0x00000006ca500000| Untracked 
| 132|0x00000006ca600000, 0x00000006ca600000, 0x00000006ca700000|  0%| F|  |TAMS 0x00000006ca600000, 0x00000006ca600000| Untracked 
| 133|0x00000006ca700000, 0x00000006ca700000, 0x00000006ca800000|  0%| F|  |TAMS 0x00000006ca700000, 0x00000006ca700000| Untracked 
| 134|0x00000006ca800000, 0x00000006ca800000, 0x00000006ca900000|  0%| F|  |TAMS 0x00000006ca800000, 0x00000006ca800000| Untracked 
| 135|0x00000006ca900000, 0x00000006ca900000, 0x00000006caa00000|  0%| F|  |TAMS 0x00000006ca900000, 0x00000006ca900000| Untracked 
| 136|0x00000006caa00000, 0x00000006caa00000, 0x00000006cab00000|  0%| F|  |TAMS 0x00000006caa00000, 0x00000006caa00000| Untracked 
| 137|0x00000006cab00000, 0x00000006cab00000, 0x00000006cac00000|  0%| F|  |TAMS 0x00000006cab00000, 0x00000006cab00000| Untracked 
| 138|0x00000006cac00000, 0x00000006cac00000, 0x00000006cad00000|  0%| F|  |TAMS 0x00000006cac00000, 0x00000006cac00000| Untracked 
| 139|0x00000006cad00000, 0x00000006cad00000, 0x00000006cae00000|  0%| F|  |TAMS 0x00000006cad00000, 0x00000006cad00000| Untracked 
| 140|0x00000006cae00000, 0x00000006cae00000, 0x00000006caf00000|  0%| F|  |TAMS 0x00000006cae00000, 0x00000006cae00000| Untracked 
| 141|0x00000006caf00000, 0x00000006caf00000, 0x00000006cb000000|  0%| F|  |TAMS 0x00000006caf00000, 0x00000006caf00000| Untracked 
| 142|0x00000006cb000000, 0x00000006cb000000, 0x00000006cb100000|  0%| F|  |TAMS 0x00000006cb000000, 0x00000006cb000000| Untracked 
| 143|0x00000006cb100000, 0x00000006cb100000, 0x00000006cb200000|  0%| F|  |TAMS 0x00000006cb100000, 0x00000006cb100000| Untracked 
| 144|0x00000006cb200000, 0x00000006cb200000, 0x00000006cb300000|  0%| F|  |TAMS 0x00000006cb200000, 0x00000006cb200000| Untracked 
| 145|0x00000006cb300000, 0x00000006cb300000, 0x00000006cb400000|  0%| F|  |TAMS 0x00000006cb300000, 0x00000006cb300000| Untracked 
| 146|0x00000006cb400000, 0x00000006cb400000, 0x00000006cb500000|  0%| F|  |TAMS 0x00000006cb400000, 0x00000006cb400000| Untracked 
| 147|0x00000006cb500000, 0x00000006cb500000, 0x00000006cb600000|  0%| F|  |TAMS 0x00000006cb500000, 0x00000006cb500000| Untracked 
| 148|0x00000006cb600000, 0x00000006cb600000, 0x00000006cb700000|  0%| F|  |TAMS 0x00000006cb600000, 0x00000006cb600000| Untracked 
| 149|0x00000006cb700000, 0x00000006cb700000, 0x00000006cb800000|  0%| F|  |TAMS 0x00000006cb700000, 0x00000006cb700000| Untracked 
| 150|0x00000006cb800000, 0x00000006cb800000, 0x00000006cb900000|  0%| F|  |TAMS 0x00000006cb800000, 0x00000006cb800000| Untracked 
| 151|0x00000006cb900000, 0x00000006cb900000, 0x00000006cba00000|  0%| F|  |TAMS 0x00000006cb900000, 0x00000006cb900000| Untracked 
| 152|0x00000006cba00000, 0x00000006cba00000, 0x00000006cbb00000|  0%| F|  |TAMS 0x00000006cba00000, 0x00000006cba00000| Untracked 
| 153|0x00000006cbb00000, 0x00000006cbb00000, 0x00000006cbc00000|  0%| F|  |TAMS 0x00000006cbb00000, 0x00000006cbb00000| Untracked 
| 154|0x00000006cbc00000, 0x00000006cbc00000, 0x00000006cbd00000|  0%| F|  |TAMS 0x00000006cbc00000, 0x00000006cbc00000| Untracked 
| 155|0x00000006cbd00000, 0x00000006cbd00000, 0x00000006cbe00000|  0%| F|  |TAMS 0x00000006cbd00000, 0x00000006cbd00000| Untracked 
| 156|0x00000006cbe00000, 0x00000006cbe00000, 0x00000006cbf00000|  0%| F|  |TAMS 0x00000006cbe00000, 0x00000006cbe00000| Untracked 
| 157|0x00000006cbf00000, 0x00000006cbf00000, 0x00000006cc000000|  0%| F|  |TAMS 0x00000006cbf00000, 0x00000006cbf00000| Untracked 
| 158|0x00000006cc000000, 0x00000006cc000000, 0x00000006cc100000|  0%| F|  |TAMS 0x00000006cc000000, 0x00000006cc000000| Untracked 
| 159|0x00000006cc100000, 0x00000006cc100000, 0x00000006cc200000|  0%| F|  |TAMS 0x00000006cc100000, 0x00000006cc100000| Untracked 
| 160|0x00000006cc200000, 0x00000006cc200000, 0x00000006cc300000|  0%| F|  |TAMS 0x00000006cc200000, 0x00000006cc200000| Untracked 
| 161|0x00000006cc300000, 0x00000006cc300000, 0x00000006cc400000|  0%| F|  |TAMS 0x00000006cc300000, 0x00000006cc300000| Untracked 
| 162|0x00000006cc400000, 0x00000006cc400000, 0x00000006cc500000|  0%| F|  |TAMS 0x00000006cc400000, 0x00000006cc400000| Untracked 
| 163|0x00000006cc500000, 0x00000006cc500000, 0x00000006cc600000|  0%| F|  |TAMS 0x00000006cc500000, 0x00000006cc500000| Untracked 
| 164|0x00000006cc600000, 0x00000006cc600000, 0x00000006cc700000|  0%| F|  |TAMS 0x00000006cc600000, 0x00000006cc600000| Untracked 
| 165|0x00000006cc700000, 0x00000006cc700000, 0x00000006cc800000|  0%| F|  |TAMS 0x00000006cc700000, 0x00000006cc700000| Untracked 
| 166|0x00000006cc800000, 0x00000006cc800000, 0x00000006cc900000|  0%| F|  |TAMS 0x00000006cc800000, 0x00000006cc800000| Untracked 
| 167|0x00000006cc900000, 0x00000006cc900000, 0x00000006cca00000|  0%| F|  |TAMS 0x00000006cc900000, 0x00000006cc900000| Untracked 
| 168|0x00000006cca00000, 0x00000006cca00000, 0x00000006ccb00000|  0%| F|  |TAMS 0x00000006cca00000, 0x00000006cca00000| Untracked 
| 169|0x00000006ccb00000, 0x00000006ccb00000, 0x00000006ccc00000|  0%| F|  |TAMS 0x00000006ccb00000, 0x00000006ccb00000| Untracked 
| 170|0x00000006ccc00000, 0x00000006ccc00000, 0x00000006ccd00000|  0%| F|  |TAMS 0x00000006ccc00000, 0x00000006ccc00000| Untracked 
| 171|0x00000006ccd00000, 0x00000006ccd00000, 0x00000006cce00000|  0%| F|  |TAMS 0x00000006ccd00000, 0x00000006ccd00000| Untracked 
| 172|0x00000006cce00000, 0x00000006cce00000, 0x00000006ccf00000|  0%| F|  |TAMS 0x00000006cce00000, 0x00000006cce00000| Untracked 
| 173|0x00000006ccf00000, 0x00000006ccf00000, 0x00000006cd000000|  0%| F|  |TAMS 0x00000006ccf00000, 0x00000006ccf00000| Untracked 
| 174|0x00000006cd000000, 0x00000006cd000000, 0x00000006cd100000|  0%| F|  |TAMS 0x00000006cd000000, 0x00000006cd000000| Untracked 
| 175|0x00000006cd100000, 0x00000006cd100000, 0x00000006cd200000|  0%| F|  |TAMS 0x00000006cd100000, 0x00000006cd100000| Untracked 
| 176|0x00000006cd200000, 0x00000006cd200000, 0x00000006cd300000|  0%| F|  |TAMS 0x00000006cd200000, 0x00000006cd200000| Untracked 
| 177|0x00000006cd300000, 0x00000006cd300000, 0x00000006cd400000|  0%| F|  |TAMS 0x00000006cd300000, 0x00000006cd300000| Untracked 
| 178|0x00000006cd400000, 0x00000006cd400000, 0x00000006cd500000|  0%| F|  |TAMS 0x00000006cd400000, 0x00000006cd400000| Untracked 
| 179|0x00000006cd500000, 0x00000006cd500000, 0x00000006cd600000|  0%| F|  |TAMS 0x00000006cd500000, 0x00000006cd500000| Untracked 
| 180|0x00000006cd600000, 0x00000006cd600000, 0x00000006cd700000|  0%| F|  |TAMS 0x00000006cd600000, 0x00000006cd600000| Untracked 
| 181|0x00000006cd700000, 0x00000006cd700000, 0x00000006cd800000|  0%| F|  |TAMS 0x00000006cd700000, 0x00000006cd700000| Untracked 
| 182|0x00000006cd800000, 0x00000006cd800000, 0x00000006cd900000|  0%| F|  |TAMS 0x00000006cd800000, 0x00000006cd800000| Untracked 
| 183|0x00000006cd900000, 0x00000006cd900000, 0x00000006cda00000|  0%| F|  |TAMS 0x00000006cd900000, 0x00000006cd900000| Untracked 
| 184|0x00000006cda00000, 0x00000006cda00000, 0x00000006cdb00000|  0%| F|  |TAMS 0x00000006cda00000, 0x00000006cda00000| Untracked 
| 185|0x00000006cdb00000, 0x00000006cdb00000, 0x00000006cdc00000|  0%| F|  |TAMS 0x00000006cdb00000, 0x00000006cdb00000| Untracked 
| 186|0x00000006cdc00000, 0x00000006cdc00000, 0x00000006cdd00000|  0%| F|  |TAMS 0x00000006cdc00000, 0x00000006cdc00000| Untracked 
| 187|0x00000006cdd00000, 0x00000006cdd00000, 0x00000006cde00000|  0%| F|  |TAMS 0x00000006cdd00000, 0x00000006cdd00000| Untracked 
| 188|0x00000006cde00000, 0x00000006cde00000, 0x00000006cdf00000|  0%| F|  |TAMS 0x00000006cde00000, 0x00000006cde00000| Untracked 
| 189|0x00000006cdf00000, 0x00000006cdf00000, 0x00000006ce000000|  0%| F|  |TAMS 0x00000006cdf00000, 0x00000006cdf00000| Untracked 
| 190|0x00000006ce000000, 0x00000006ce000000, 0x00000006ce100000|  0%| F|  |TAMS 0x00000006ce000000, 0x00000006ce000000| Untracked 
| 191|0x00000006ce100000, 0x00000006ce100000, 0x00000006ce200000|  0%| F|  |TAMS 0x00000006ce100000, 0x00000006ce100000| Untracked 
| 192|0x00000006ce200000, 0x00000006ce200000, 0x00000006ce300000|  0%| F|  |TAMS 0x00000006ce200000, 0x00000006ce200000| Untracked 
| 193|0x00000006ce300000, 0x00000006ce300000, 0x00000006ce400000|  0%| F|  |TAMS 0x00000006ce300000, 0x00000006ce300000| Untracked 
| 194|0x00000006ce400000, 0x00000006ce400000, 0x00000006ce500000|  0%| F|  |TAMS 0x00000006ce400000, 0x00000006ce400000| Untracked 
| 195|0x00000006ce500000, 0x00000006ce500000, 0x00000006ce600000|  0%| F|  |TAMS 0x00000006ce500000, 0x00000006ce500000| Untracked 
| 196|0x00000006ce600000, 0x00000006ce600000, 0x00000006ce700000|  0%| F|  |TAMS 0x00000006ce600000, 0x00000006ce600000| Untracked 
| 197|0x00000006ce700000, 0x00000006ce700000, 0x00000006ce800000|  0%| F|  |TAMS 0x00000006ce700000, 0x00000006ce700000| Untracked 
| 198|0x00000006ce800000, 0x00000006ce800000, 0x00000006ce900000|  0%| F|  |TAMS 0x00000006ce800000, 0x00000006ce800000| Untracked 
| 199|0x00000006ce900000, 0x00000006ce900000, 0x00000006cea00000|  0%| F|  |TAMS 0x00000006ce900000, 0x00000006ce900000| Untracked 
| 200|0x00000006cea00000, 0x00000006cea00000, 0x00000006ceb00000|  0%| F|  |TAMS 0x00000006cea00000, 0x00000006cea00000| Untracked 
| 201|0x00000006ceb00000, 0x00000006ceb00000, 0x00000006cec00000|  0%| F|  |TAMS 0x00000006ceb00000, 0x00000006ceb00000| Untracked 
| 202|0x00000006cec00000, 0x00000006cec00000, 0x00000006ced00000|  0%| F|  |TAMS 0x00000006cec00000, 0x00000006cec00000| Untracked 
| 203|0x00000006ced00000, 0x00000006ced00000, 0x00000006cee00000|  0%| F|  |TAMS 0x00000006ced00000, 0x00000006ced00000| Untracked 
| 204|0x00000006cee00000, 0x00000006cee00000, 0x00000006cef00000|  0%| F|  |TAMS 0x00000006cee00000, 0x00000006cee00000| Untracked 
| 205|0x00000006cef00000, 0x00000006cef00000, 0x00000006cf000000|  0%| F|  |TAMS 0x00000006cef00000, 0x00000006cef00000| Untracked 
| 206|0x00000006cf000000, 0x00000006cf000000, 0x00000006cf100000|  0%| F|  |TAMS 0x00000006cf000000, 0x00000006cf000000| Untracked 
| 207|0x00000006cf100000, 0x00000006cf100000, 0x00000006cf200000|  0%| F|  |TAMS 0x00000006cf100000, 0x00000006cf100000| Untracked 
| 208|0x00000006cf200000, 0x00000006cf200000, 0x00000006cf300000|  0%| F|  |TAMS 0x00000006cf200000, 0x00000006cf200000| Untracked 
| 209|0x00000006cf300000, 0x00000006cf300000, 0x00000006cf400000|  0%| F|  |TAMS 0x00000006cf300000, 0x00000006cf300000| Untracked 
| 210|0x00000006cf400000, 0x00000006cf400000, 0x00000006cf500000|  0%| F|  |TAMS 0x00000006cf400000, 0x00000006cf400000| Untracked 
| 211|0x00000006cf500000, 0x00000006cf500000, 0x00000006cf600000|  0%| F|  |TAMS 0x00000006cf500000, 0x00000006cf500000| Untracked 
| 212|0x00000006cf600000, 0x00000006cf600000, 0x00000006cf700000|  0%| F|  |TAMS 0x00000006cf600000, 0x00000006cf600000| Untracked 
| 213|0x00000006cf700000, 0x00000006cf700000, 0x00000006cf800000|  0%| F|  |TAMS 0x00000006cf700000, 0x00000006cf700000| Untracked 
| 214|0x00000006cf800000, 0x00000006cf800000, 0x00000006cf900000|  0%| F|  |TAMS 0x00000006cf800000, 0x00000006cf800000| Untracked 
| 215|0x00000006cf900000, 0x00000006cf900000, 0x00000006cfa00000|  0%| F|  |TAMS 0x00000006cf900000, 0x00000006cf900000| Untracked 
| 216|0x00000006cfa00000, 0x00000006cfa00000, 0x00000006cfb00000|  0%| F|  |TAMS 0x00000006cfa00000, 0x00000006cfa00000| Untracked 
| 217|0x00000006cfb00000, 0x00000006cfb00000, 0x00000006cfc00000|  0%| F|  |TAMS 0x00000006cfb00000, 0x00000006cfb00000| Untracked 
| 218|0x00000006cfc00000, 0x00000006cfc00000, 0x00000006cfd00000|  0%| F|  |TAMS 0x00000006cfc00000, 0x00000006cfc00000| Untracked 
| 219|0x00000006cfd00000, 0x00000006cfd00000, 0x00000006cfe00000|  0%| F|  |TAMS 0x00000006cfd00000, 0x00000006cfd00000| Untracked 
| 220|0x00000006cfe00000, 0x00000006cfe00000, 0x00000006cff00000|  0%| F|  |TAMS 0x00000006cfe00000, 0x00000006cfe00000| Untracked 
| 221|0x00000006cff00000, 0x00000006cff00000, 0x00000006d0000000|  0%| F|  |TAMS 0x00000006cff00000, 0x00000006cff00000| Untracked 
| 222|0x00000006d0000000, 0x00000006d0000000, 0x00000006d0100000|  0%| F|  |TAMS 0x00000006d0000000, 0x00000006d0000000| Untracked 
| 223|0x00000006d0100000, 0x00000006d0100000, 0x00000006d0200000|  0%| F|  |TAMS 0x00000006d0100000, 0x00000006d0100000| Untracked 
| 224|0x00000006d0200000, 0x00000006d0200000, 0x00000006d0300000|  0%| F|  |TAMS 0x00000006d0200000, 0x00000006d0200000| Untracked 
| 225|0x00000006d0300000, 0x00000006d0300000, 0x00000006d0400000|  0%| F|  |TAMS 0x00000006d0300000, 0x00000006d0300000| Untracked 
| 226|0x00000006d0400000, 0x00000006d0400000, 0x00000006d0500000|  0%| F|  |TAMS 0x00000006d0400000, 0x00000006d0400000| Untracked 
| 227|0x00000006d0500000, 0x00000006d0500000, 0x00000006d0600000|  0%| F|  |TAMS 0x00000006d0500000, 0x00000006d0500000| Untracked 
| 228|0x00000006d0600000, 0x00000006d0600000, 0x00000006d0700000|  0%| F|  |TAMS 0x00000006d0600000, 0x00000006d0600000| Untracked 
| 229|0x00000006d0700000, 0x00000006d0700000, 0x00000006d0800000|  0%| F|  |TAMS 0x00000006d0700000, 0x00000006d0700000| Untracked 
| 230|0x00000006d0800000, 0x00000006d0800000, 0x00000006d0900000|  0%| F|  |TAMS 0x00000006d0800000, 0x00000006d0800000| Untracked 
| 231|0x00000006d0900000, 0x00000006d0900000, 0x00000006d0a00000|  0%| F|  |TAMS 0x00000006d0900000, 0x00000006d0900000| Untracked 
| 232|0x00000006d0a00000, 0x00000006d0a00000, 0x00000006d0b00000|  0%| F|  |TAMS 0x00000006d0a00000, 0x00000006d0a00000| Untracked 
| 233|0x00000006d0b00000, 0x00000006d0b00000, 0x00000006d0c00000|  0%| F|  |TAMS 0x00000006d0b00000, 0x00000006d0b00000| Untracked 
| 234|0x00000006d0c00000, 0x00000006d0c00000, 0x00000006d0d00000|  0%| F|  |TAMS 0x00000006d0c00000, 0x00000006d0c00000| Untracked 
| 235|0x00000006d0d00000, 0x00000006d0d00000, 0x00000006d0e00000|  0%| F|  |TAMS 0x00000006d0d00000, 0x00000006d0d00000| Untracked 
| 236|0x00000006d0e00000, 0x00000006d0e00000, 0x00000006d0f00000|  0%| F|  |TAMS 0x00000006d0e00000, 0x00000006d0e00000| Untracked 
| 237|0x00000006d0f00000, 0x00000006d0f00000, 0x00000006d1000000|  0%| F|  |TAMS 0x00000006d0f00000, 0x00000006d0f00000| Untracked 
| 238|0x00000006d1000000, 0x00000006d1000000, 0x00000006d1100000|  0%| F|  |TAMS 0x00000006d1000000, 0x00000006d1000000| Untracked 
| 239|0x00000006d1100000, 0x00000006d1100000, 0x00000006d1200000|  0%| F|  |TAMS 0x00000006d1100000, 0x00000006d1100000| Untracked 
| 240|0x00000006d1200000, 0x00000006d1200000, 0x00000006d1300000|  0%| F|  |TAMS 0x00000006d1200000, 0x00000006d1200000| Untracked 
| 241|0x00000006d1300000, 0x00000006d1300000, 0x00000006d1400000|  0%| F|  |TAMS 0x00000006d1300000, 0x00000006d1300000| Untracked 
| 242|0x00000006d1400000, 0x00000006d1400000, 0x00000006d1500000|  0%| F|  |TAMS 0x00000006d1400000, 0x00000006d1400000| Untracked 
| 243|0x00000006d1500000, 0x00000006d1500000, 0x00000006d1600000|  0%| F|  |TAMS 0x00000006d1500000, 0x00000006d1500000| Untracked 
| 244|0x00000006d1600000, 0x00000006d1600000, 0x00000006d1700000|  0%| F|  |TAMS 0x00000006d1600000, 0x00000006d1600000| Untracked 
| 245|0x00000006d1700000, 0x00000006d1700000, 0x00000006d1800000|  0%| F|  |TAMS 0x00000006d1700000, 0x00000006d1700000| Untracked 
| 246|0x00000006d1800000, 0x00000006d1800000, 0x00000006d1900000|  0%| F|  |TAMS 0x00000006d1800000, 0x00000006d1800000| Untracked 
| 247|0x00000006d1900000, 0x00000006d1900000, 0x00000006d1a00000|  0%| F|  |TAMS 0x00000006d1900000, 0x00000006d1900000| Untracked 
| 248|0x00000006d1a00000, 0x00000006d1a00000, 0x00000006d1b00000|  0%| F|  |TAMS 0x00000006d1a00000, 0x00000006d1a00000| Untracked 
| 249|0x00000006d1b00000, 0x00000006d1b00000, 0x00000006d1c00000|  0%| F|  |TAMS 0x00000006d1b00000, 0x00000006d1b00000| Untracked 
| 250|0x00000006d1c00000, 0x00000006d1c00000, 0x00000006d1d00000|  0%| F|  |TAMS 0x00000006d1c00000, 0x00000006d1c00000| Untracked 
| 251|0x00000006d1d00000, 0x00000006d1d00000, 0x00000006d1e00000|  0%| F|  |TAMS 0x00000006d1d00000, 0x00000006d1d00000| Untracked 
| 252|0x00000006d1e00000, 0x00000006d1e00000, 0x00000006d1f00000|  0%| F|  |TAMS 0x00000006d1e00000, 0x00000006d1e00000| Untracked 
| 253|0x00000006d1f00000, 0x00000006d1f00000, 0x00000006d2000000|  0%| F|  |TAMS 0x00000006d1f00000, 0x00000006d1f00000| Untracked 
| 254|0x00000006d2000000, 0x00000006d2000000, 0x00000006d2100000|  0%| F|  |TAMS 0x00000006d2000000, 0x00000006d2000000| Untracked 
| 255|0x00000006d2100000, 0x00000006d2100000, 0x00000006d2200000|  0%| F|  |TAMS 0x00000006d2100000, 0x00000006d2100000| Untracked 
| 256|0x00000006d2200000, 0x00000006d2200000, 0x00000006d2300000|  0%| F|  |TAMS 0x00000006d2200000, 0x00000006d2200000| Untracked 
| 257|0x00000006d2300000, 0x00000006d2300000, 0x00000006d2400000|  0%| F|  |TAMS 0x00000006d2300000, 0x00000006d2300000| Untracked 
| 258|0x00000006d2400000, 0x00000006d2400000, 0x00000006d2500000|  0%| F|  |TAMS 0x00000006d2400000, 0x00000006d2400000| Untracked 
| 259|0x00000006d2500000, 0x00000006d2500000, 0x00000006d2600000|  0%| F|  |TAMS 0x00000006d2500000, 0x00000006d2500000| Untracked 
| 260|0x00000006d2600000, 0x00000006d2600000, 0x00000006d2700000|  0%| F|  |TAMS 0x00000006d2600000, 0x00000006d2600000| Untracked 
| 261|0x00000006d2700000, 0x00000006d2700000, 0x00000006d2800000|  0%| F|  |TAMS 0x00000006d2700000, 0x00000006d2700000| Untracked 
| 262|0x00000006d2800000, 0x00000006d2800000, 0x00000006d2900000|  0%| F|  |TAMS 0x00000006d2800000, 0x00000006d2800000| Untracked 
| 263|0x00000006d2900000, 0x00000006d2900000, 0x00000006d2a00000|  0%| F|  |TAMS 0x00000006d2900000, 0x00000006d2900000| Untracked 
| 264|0x00000006d2a00000, 0x00000006d2a00000, 0x00000006d2b00000|  0%| F|  |TAMS 0x00000006d2a00000, 0x00000006d2a00000| Untracked 
| 265|0x00000006d2b00000, 0x00000006d2b00000, 0x00000006d2c00000|  0%| F|  |TAMS 0x00000006d2b00000, 0x00000006d2b00000| Untracked 
| 266|0x00000006d2c00000, 0x00000006d2c00000, 0x00000006d2d00000|  0%| F|  |TAMS 0x00000006d2c00000, 0x00000006d2c00000| Untracked 
| 267|0x00000006d2d00000, 0x00000006d2d00000, 0x00000006d2e00000|  0%| F|  |TAMS 0x00000006d2d00000, 0x00000006d2d00000| Untracked 
| 268|0x00000006d2e00000, 0x00000006d2e00000, 0x00000006d2f00000|  0%| F|  |TAMS 0x00000006d2e00000, 0x00000006d2e00000| Untracked 
| 269|0x00000006d2f00000, 0x00000006d2f00000, 0x00000006d3000000|  0%| F|  |TAMS 0x00000006d2f00000, 0x00000006d2f00000| Untracked 
| 270|0x00000006d3000000, 0x00000006d3000000, 0x00000006d3100000|  0%| F|  |TAMS 0x00000006d3000000, 0x00000006d3000000| Untracked 
| 271|0x00000006d3100000, 0x00000006d3100000, 0x00000006d3200000|  0%| F|  |TAMS 0x00000006d3100000, 0x00000006d3100000| Untracked 
| 272|0x00000006d3200000, 0x00000006d3200000, 0x00000006d3300000|  0%| F|  |TAMS 0x00000006d3200000, 0x00000006d3200000| Untracked 
| 273|0x00000006d3300000, 0x00000006d3300000, 0x00000006d3400000|  0%| F|  |TAMS 0x00000006d3300000, 0x00000006d3300000| Untracked 
| 274|0x00000006d3400000, 0x00000006d3400000, 0x00000006d3500000|  0%| F|  |TAMS 0x00000006d3400000, 0x00000006d3400000| Untracked 
| 275|0x00000006d3500000, 0x00000006d3500000, 0x00000006d3600000|  0%| F|  |TAMS 0x00000006d3500000, 0x00000006d3500000| Untracked 
| 276|0x00000006d3600000, 0x00000006d3600000, 0x00000006d3700000|  0%| F|  |TAMS 0x00000006d3600000, 0x00000006d3600000| Untracked 
| 277|0x00000006d3700000, 0x00000006d3700000, 0x00000006d3800000|  0%| F|  |TAMS 0x00000006d3700000, 0x00000006d3700000| Untracked 
| 278|0x00000006d3800000, 0x00000006d3800000, 0x00000006d3900000|  0%| F|  |TAMS 0x00000006d3800000, 0x00000006d3800000| Untracked 
| 279|0x00000006d3900000, 0x00000006d3900000, 0x00000006d3a00000|  0%| F|  |TAMS 0x00000006d3900000, 0x00000006d3900000| Untracked 
| 280|0x00000006d3a00000, 0x00000006d3a00000, 0x00000006d3b00000|  0%| F|  |TAMS 0x00000006d3a00000, 0x00000006d3a00000| Untracked 
| 281|0x00000006d3b00000, 0x00000006d3b00000, 0x00000006d3c00000|  0%| F|  |TAMS 0x00000006d3b00000, 0x00000006d3b00000| Untracked 
| 282|0x00000006d3c00000, 0x00000006d3c00000, 0x00000006d3d00000|  0%| F|  |TAMS 0x00000006d3c00000, 0x00000006d3c00000| Untracked 
| 283|0x00000006d3d00000, 0x00000006d3d00000, 0x00000006d3e00000|  0%| F|  |TAMS 0x00000006d3d00000, 0x00000006d3d00000| Untracked 
| 284|0x00000006d3e00000, 0x00000006d3e00000, 0x00000006d3f00000|  0%| F|  |TAMS 0x00000006d3e00000, 0x00000006d3e00000| Untracked 
| 285|0x00000006d3f00000, 0x00000006d3f00000, 0x00000006d4000000|  0%| F|  |TAMS 0x00000006d3f00000, 0x00000006d3f00000| Untracked 
| 286|0x00000006d4000000, 0x00000006d4000000, 0x00000006d4100000|  0%| F|  |TAMS 0x00000006d4000000, 0x00000006d4000000| Untracked 
| 287|0x00000006d4100000, 0x00000006d4100000, 0x00000006d4200000|  0%| F|  |TAMS 0x00000006d4100000, 0x00000006d4100000| Untracked 
| 288|0x00000006d4200000, 0x00000006d4200000, 0x00000006d4300000|  0%| F|  |TAMS 0x00000006d4200000, 0x00000006d4200000| Untracked 
| 289|0x00000006d4300000, 0x00000006d4300000, 0x00000006d4400000|  0%| F|  |TAMS 0x00000006d4300000, 0x00000006d4300000| Untracked 
| 290|0x00000006d4400000, 0x00000006d4400000, 0x00000006d4500000|  0%| F|  |TAMS 0x00000006d4400000, 0x00000006d4400000| Untracked 
| 291|0x00000006d4500000, 0x00000006d4500000, 0x00000006d4600000|  0%| F|  |TAMS 0x00000006d4500000, 0x00000006d4500000| Untracked 
| 292|0x00000006d4600000, 0x00000006d4600000, 0x00000006d4700000|  0%| F|  |TAMS 0x00000006d4600000, 0x00000006d4600000| Untracked 
| 293|0x00000006d4700000, 0x00000006d4700000, 0x00000006d4800000|  0%| F|  |TAMS 0x00000006d4700000, 0x00000006d4700000| Untracked 
| 294|0x00000006d4800000, 0x00000006d4874e38, 0x00000006d4900000| 45%| E|  |TAMS 0x00000006d4800000, 0x00000006d4800000| Complete 
| 295|0x00000006d4900000, 0x00000006d4a00000, 0x00000006d4a00000|100%| E|CS|TAMS 0x00000006d4900000, 0x00000006d4900000| Complete 
| 296|0x00000006d4a00000, 0x00000006d4b00000, 0x00000006d4b00000|100%| E|CS|TAMS 0x00000006d4a00000, 0x00000006d4a00000| Complete 
| 297|0x00000006d4b00000, 0x00000006d4c00000, 0x00000006d4c00000|100%| E|CS|TAMS 0x00000006d4b00000, 0x00000006d4b00000| Complete 
| 298|0x00000006d4c00000, 0x00000006d4d00000, 0x00000006d4d00000|100%| E|CS|TAMS 0x00000006d4c00000, 0x00000006d4c00000| Complete 
| 299|0x00000006d4d00000, 0x00000006d4e00000, 0x00000006d4e00000|100%| E|CS|TAMS 0x00000006d4d00000, 0x00000006d4d00000| Complete 
| 300|0x00000006d4e00000, 0x00000006d4f00000, 0x00000006d4f00000|100%| E|CS|TAMS 0x00000006d4e00000, 0x00000006d4e00000| Complete 
| 301|0x00000006d4f00000, 0x00000006d5000000, 0x00000006d5000000|100%| E|CS|TAMS 0x00000006d4f00000, 0x00000006d4f00000| Complete 
| 302|0x00000006d5000000, 0x00000006d5100000, 0x00000006d5100000|100%| E|CS|TAMS 0x00000006d5000000, 0x00000006d5000000| Complete 
| 303|0x00000006d5100000, 0x00000006d5200000, 0x00000006d5200000|100%| S|CS|TAMS 0x00000006d5100000, 0x00000006d5100000| Complete 
| 304|0x00000006d5200000, 0x00000006d5300000, 0x00000006d5300000|100%| S|CS|TAMS 0x00000006d5200000, 0x00000006d5200000| Complete 
| 305|0x00000006d5300000, 0x00000006d5400000, 0x00000006d5400000|100%| E|CS|TAMS 0x00000006d5300000, 0x00000006d5300000| Complete 
| 306|0x00000006d5400000, 0x00000006d5500000, 0x00000006d5500000|100%| E|CS|TAMS 0x00000006d5400000, 0x00000006d5400000| Complete 
| 307|0x00000006d5500000, 0x00000006d5600000, 0x00000006d5600000|100%| E|CS|TAMS 0x00000006d5500000, 0x00000006d5500000| Complete 
| 308|0x00000006d5600000, 0x00000006d5700000, 0x00000006d5700000|100%| E|CS|TAMS 0x00000006d5600000, 0x00000006d5600000| Complete 
| 309|0x00000006d5700000, 0x00000006d5800000, 0x00000006d5800000|100%| E|CS|TAMS 0x00000006d5700000, 0x00000006d5700000| Complete 
| 310|0x00000006d5800000, 0x00000006d5900000, 0x00000006d5900000|100%| E|CS|TAMS 0x00000006d5800000, 0x00000006d5800000| Complete 
| 311|0x00000006d5900000, 0x00000006d5a00000, 0x00000006d5a00000|100%| E|CS|TAMS 0x00000006d5900000, 0x00000006d5900000| Complete 
| 312|0x00000006d5a00000, 0x00000006d5b00000, 0x00000006d5b00000|100%| E|CS|TAMS 0x00000006d5a00000, 0x00000006d5a00000| Complete 
| 313|0x00000006d5b00000, 0x00000006d5c00000, 0x00000006d5c00000|100%| E|CS|TAMS 0x00000006d5b00000, 0x00000006d5b00000| Complete 
| 314|0x00000006d5c00000, 0x00000006d5d00000, 0x00000006d5d00000|100%| E|CS|TAMS 0x00000006d5c00000, 0x00000006d5c00000| Complete 
| 315|0x00000006d5d00000, 0x00000006d5e00000, 0x00000006d5e00000|100%| E|CS|TAMS 0x00000006d5d00000, 0x00000006d5d00000| Complete 
| 316|0x00000006d5e00000, 0x00000006d5f00000, 0x00000006d5f00000|100%| E|CS|TAMS 0x00000006d5e00000, 0x00000006d5e00000| Complete 
| 317|0x00000006d5f00000, 0x00000006d6000000, 0x00000006d6000000|100%| E|CS|TAMS 0x00000006d5f00000, 0x00000006d5f00000| Complete 

Card table byte_map: [0x0000024e2ecd0000,0x0000024e2f6c0000] _byte_map_base: 0x0000024e2b6bf000

Marking Bits (Prev, Next): (CMBitMap*) 0x0000024e169a2fe8, (CMBitMap*) 0x0000024e169a3020
 Prev Bits: [0x0000024e300b0000, 0x0000024e35028000)
 Next Bits: [0x0000024e35030000, 0x0000024e39fa8000)

Polling page: 0x0000024e169f0000

Metaspace:

Usage:
  Non-class:     15.42 MB capacity,    15.13 MB ( 98%) used,   237.84 KB (  2%) free+waste,    55.25 KB ( <1%) overhead. 
      Class:      2.16 MB capacity,     1.94 MB ( 90%) used,   198.18 KB (  9%) free+waste,    28.44 KB (  1%) overhead. 
       Both:     17.58 MB capacity,    17.07 MB ( 97%) used,   436.02 KB (  2%) free+waste,    83.69 KB ( <1%) overhead. 

Virtual space:
  Non-class space:       16.00 MB reserved,      15.50 MB ( 97%) committed 
      Class space:        1.00 GB reserved,       2.25 MB ( <1%) committed 
             Both:        1.02 GB reserved,      17.75 MB (  2%) committed 

Chunk freelists:
   Non-Class:  2.25 KB
       Class:  3.50 KB
        Both:  5.75 KB

CodeHeap 'non-profiled nmethods': size=238912Kb used=2678Kb max_used=2678Kb free=236234Kb
 bounds [0x0000024e1f370000, 0x0000024e1f610000, 0x0000024e2dcc0000]
CodeHeap 'non-nmethods': size=6848Kb used=1694Kb max_used=1694Kb free=5153Kb
 bounds [0x0000024e1ecc0000, 0x0000024e1ef30000, 0x0000024e1f370000]
 total_blobs=2214 nmethods=1762 adapters=361
 compilation: enabled
              stopped_count=0, restarted_count=0
 full_count=0

Compilation events (10 events):
Event: 1.341 Thread 0x0000024e3dcd0000 nmethod 1264 0x0000024e1f544690 code [0x0000024e1f544840, 0x0000024e1f544958]
Event: 1.341 Thread 0x0000024e3dcd0000 1265       1       java.security.CodeSource::getCertificates (98 bytes)
Event: 1.342 Thread 0x0000024e3dcd0000 nmethod 1265 0x0000024e1f544a10 code [0x0000024e1f544c40, 0x0000024e1f5451a0]
Event: 1.343 Thread 0x0000024e3dcd0000 1267       1       java.util.jar.JarFile::maybeInstantiateVerifier (112 bytes)
Event: 1.343 Thread 0x0000024e3cfc5800 nmethod 1261 0x0000024e1f545590 code [0x0000024e1f545c40, 0x0000024e1f547b30]
Event: 1.343 Thread 0x0000024e3cfc5800 1268       1       java.lang.invoke.InnerClassLambdaMetafactory::getOpcodeOffset (38 bytes)
Event: 1.343 Thread 0x0000024e3cfc5800 nmethod 1268 0x0000024e1f549310 code [0x0000024e1f5494c0, 0x0000024e1f549678]
Event: 1.344 Thread 0x0000024e3dcd0000 nmethod 1267 0x0000024e1f549b10 code [0x0000024e1f549d40, 0x0000024e1f54a160]
Event: 1.344 Thread 0x0000024e3cfc5800 1272  s    1       jdk.internal.loader.Resource::cachedInputStream (20 bytes)
Event: 1.344 Thread 0x0000024e3cfc5800 nmethod 1272 0x0000024e1f54a490 code [0x0000024e1f54a660, 0x0000024e1f54a9b0]

GC Heap History (4 events):
Event: 0.744 GC heap before
{Heap before GC invocations=0 (full 0):
 garbage-first heap   total 325632K, used 18432K [0x00000006c2200000, 0x0000000800000000)
  region size 1024K, 15 young (15360K), 0 survivors (0K)
 Metaspace       used 6151K, capacity 6238K, committed 6528K, reserved 1056768K
  class space    used 547K, capacity 567K, committed 640K, reserved 1048576K
}
Event: 0.750 GC heap after
{Heap after GC invocations=1 (full 0):
 garbage-first heap   total 325632K, used 12370K [0x00000006c2200000, 0x0000000800000000)
  region size 1024K, 2 young (2048K), 2 survivors (2048K)
 Metaspace       used 6151K, capacity 6238K, committed 6528K, reserved 1056768K
  class space    used 547K, capacity 567K, committed 640K, reserved 1048576K
}
Event: 1.321 GC heap before
{Heap before GC invocations=1 (full 0):
 garbage-first heap   total 325632K, used 25682K [0x00000006c2200000, 0x0000000800000000)
  region size 1024K, 15 young (15360K), 2 survivors (2048K)
 Metaspace       used 13285K, capacity 13599K, committed 13952K, reserved 1060864K
  class space    used 1403K, capacity 1537K, committed 1664K, reserved 1048576K
}
Event: 1.325 GC heap after
{Heap after GC invocations=2 (full 0):
 garbage-first heap   total 325632K, used 14415K [0x00000006c2200000, 0x0000000800000000)
  region size 1024K, 2 young (2048K), 2 survivors (2048K)
 Metaspace       used 13285K, capacity 13599K, committed 13952K, reserved 1060864K
  class space    used 1403K, capacity 1537K, committed 1664K, reserved 1048576K
}

Deoptimization events (0 events):
No events

Classes redefined (0 events):
No events

Internal exceptions (10 events):
Event: 0.921 Thread 0x0000024e1692f000 Exception <a 'java/lang/NoSuchMethodError'{0x00000006d5bcff28}: java.lang.invoke.DirectMethodHandle$Holder.invokeStaticInit(Ljava/lang/Object;IIII)Ljava/lang/Object;> (0x00000006d5bcff28) thrown at [t:/workspace/open/src/hotspot/share/interpreter/linkReso
Event: 1.190 Thread 0x0000024e1692f000 Exception <a 'java/lang/NoSuchMethodError'{0x00000006d5bf3680}: java.lang.invoke.DirectMethodHandle$Holder.invokeStatic(Ljava/lang/Object;Ljava/lang/Object;IIII)Ljava/lang/Object;> (0x00000006d5bf3680) thrown at [t:/workspace/open/src/hotspot/share/interp
Event: 1.191 Thread 0x0000024e1692f000 Exception <a 'java/lang/NoSuchMethodError'{0x00000006d5bf69c8}: java.lang.invoke.DirectMethodHandle$Holder.invokeStaticInit(Ljava/lang/Object;Ljava/lang/Object;IIII)Ljava/lang/Object;> (0x00000006d5bf69c8) thrown at [t:/workspace/open/src/hotspot/share/in
Event: 1.199 Thread 0x0000024e1692f000 Exception <a 'java/lang/ClassNotFoundException'{0x00000006d5a14680}: javax/management/remote/rmi/RMIServerImpl_Skel> (0x00000006d5a14680) thrown at [t:/workspace/open/src/hotspot/share/classfile/systemDictionary.cpp, line 231]
Event: 1.231 Thread 0x0000024e1692f000 Exception <a 'java/lang/ClassNotFoundException'{0x00000006d5ae3b58}: jdk/internal/agent/resources/spi/agentProvider> (0x00000006d5ae3b58) thrown at [t:/workspace/open/src/hotspot/share/classfile/systemDictionary.cpp, line 231]
Event: 1.237 Thread 0x0000024e1692f000 Exception <a 'java/lang/NoSuchMethodError'{0x00000006d59398f0}: java.lang.invoke.DirectMethodHandle$Holder.invokeStatic(Ljava/lang/Object;Ljava/lang/Object;Ljava/lang/Object;Ljava/lang/Object;Ljava/lang/Object;Ljava/lang/Object;Ljava/lang/Object;Ljava/lan
Event: 1.238 Thread 0x0000024e1692f000 Exception <a 'java/lang/NoSuchMethodError'{0x00000006d5946378}: java.lang.invoke.DirectMethodHandle$Holder.invokeStatic(Ljava/lang/Object;Ljava/lang/Object;Ljava/lang/Object;Ljava/lang/Object;Ljava/lang/Object;Ljava/lang/Object;Ljava/lang/Object;Ljava/lan
Event: 1.268 Thread 0x0000024e1692f000 Exception <a 'java/lang/ClassNotFoundException'{0x00000006d5772ee8}: javax/smartcardio/CardPermission> (0x00000006d5772ee8) thrown at [t:/workspace/open/src/hotspot/share/classfile/systemDictionary.cpp, line 231]
Event: 1.270 Thread 0x0000024e1692f000 Exception <a 'java/io/FileNotFoundException'{0x00000006d57811c0}> (0x00000006d57811c0) thrown at [t:/workspace/open/src/hotspot/share/prims/jni.cpp, line 615]
Event: 1.340 Thread 0x0000024e1692f000 Exception <a 'java/lang/NoSuchMethodError'{0x00000006d5fdba90}: java.lang.invoke.DirectMethodHandle$Holder.invokeSpecialIFC(Ljava/lang/Object;Ljava/lang/Object;Ljava/lang/Object;Ljava/lang/Object;)Ljava/lang/Object;> (0x00000006d5fdba90) thrown at [t:/wor

Events (10 events):
Event: 1.342 loading class org/springframework/util/ConcurrentReferenceHashMap$Reference
Event: 1.342 loading class org/springframework/util/ConcurrentReferenceHashMap$Reference done
Event: 1.342 loading class org/springframework/util/ConcurrentReferenceHashMap$Segment
Event: 1.342 loading class org/springframework/util/ConcurrentReferenceHashMap$Segment done
Event: 1.343 loading class org/springframework/util/ConcurrentReferenceHashMap$Entries
Event: 1.343 loading class org/springframework/util/ConcurrentReferenceHashMap$Entries done
Event: 1.344 loading class org/springframework/util/ConcurrentReferenceHashMap$Entry
Event: 1.344 loading class org/springframework/util/ConcurrentReferenceHashMap$Entry done
Event: 1.344 loading class org/springframework/util/ConcurrentReferenceHashMap$SoftEntryReference
Event: 1.344 loading class org/springframework/util/ConcurrentReferenceHashMap$SoftEntryReference done


Dynamic libraries:
0x00007ff6de4c0000 - 0x00007ff6de505000 	C:\Program Files\Java\jdk-11\bin\javaw.exe
0x00007ff9f2db0000 - 0x00007ff9f2fc5000 	C:\WINDOWS\SYSTEM32\ntdll.dll
0x00007ff9f1eb0000 - 0x00007ff9f1f75000 	C:\WINDOWS\System32\KERNEL32.DLL
0x00007ff9f0150000 - 0x00007ff9f04f4000 	C:\WINDOWS\System32\KERNELBASE.dll
0x00007ff9f1cf0000 - 0x00007ff9f1ea0000 	C:\WINDOWS\System32\USER32.dll
0x00007ff9f0680000 - 0x00007ff9f06a6000 	C:\WINDOWS\System32\win32u.dll
0x00007ff9f1bb0000 - 0x00007ff9f1bd8000 	C:\WINDOWS\System32\GDI32.dll
0x00007ff9f09c0000 - 0x00007ff9f0ad9000 	C:\WINDOWS\System32\gdi32full.dll
0x00007ff9f0920000 - 0x00007ff9f09b9000 	C:\WINDOWS\System32\msvcp_win.dll
0x00007ff9f0770000 - 0x00007ff9f0885000 	C:\WINDOWS\System32\ucrtbase.dll
0x00007ff9ea2a0000 - 0x00007ff9ea532000 	C:\WINDOWS\WinSxS\amd64_microsoft.windows.common-controls_6595b64144ccf1df_6.0.25276.1000_none_79f89a8ada7db335\COMCTL32.dll
0x00007ff9f0c10000 - 0x00007ff9f0cb7000 	C:\WINDOWS\System32\msvcrt.dll
0x00007ff9f2450000 - 0x00007ff9f2480000 	C:\WINDOWS\System32\IMM32.DLL
0x00007ff9ea670000 - 0x00007ff9ea686000 	C:\Program Files\Java\jdk-11\bin\vcruntime140.dll
0x00007ff9d9230000 - 0x00007ff9d92da000 	C:\Program Files\Java\jdk-11\bin\msvcp140.dll
0x00007ff9a8fe0000 - 0x00007ff9a9b21000 	C:\Program Files\Java\jdk-11\bin\server\jvm.dll
0x00007ff9f0b60000 - 0x00007ff9f0c0e000 	C:\WINDOWS\System32\ADVAPI32.dll
0x00007ff9f0cd0000 - 0x00007ff9f0d76000 	C:\WINDOWS\System32\sechost.dll
0x00007ff9f2320000 - 0x00007ff9f2449000 	C:\WINDOWS\System32\RPCRT4.dll
0x00007ff9f27c0000 - 0x00007ff9f27c8000 	C:\WINDOWS\System32\PSAPI.DLL
0x00007ff9db0e0000 - 0x00007ff9db0e9000 	C:\WINDOWS\SYSTEM32\WSOCK32.dll
0x00007ff9f2740000 - 0x00007ff9f27af000 	C:\WINDOWS\System32\WS2_32.dll
0x00007ff9dd240000 - 0x00007ff9dd275000 	C:\WINDOWS\SYSTEM32\WINMM.dll
0x00007ff9ed350000 - 0x00007ff9ed35a000 	C:\WINDOWS\SYSTEM32\VERSION.dll
0x00007ff9ef110000 - 0x00007ff9ef128000 	C:\WINDOWS\SYSTEM32\kernel.appcore.dll
0x00007ff9e2780000 - 0x00007ff9e2791000 	C:\Program Files\Java\jdk-11\bin\verify.dll
0x00007ff9e3a90000 - 0x00007ff9e3cc4000 	C:\WINDOWS\SYSTEM32\DBGHELP.DLL
0x00007ff9f2840000 - 0x00007ff9f2bc4000 	C:\WINDOWS\System32\combase.dll
0x00007ff9f2650000 - 0x00007ff9f2728000 	C:\WINDOWS\System32\OLEAUT32.dll
0x00007ff9e3810000 - 0x00007ff9e3842000 	C:\WINDOWS\SYSTEM32\dbgcore.DLL
0x00007ff9f0890000 - 0x00007ff9f0914000 	C:\WINDOWS\System32\bcryptPrimitives.dll
0x00007ff9e23d0000 - 0x00007ff9e23f8000 	C:\Program Files\Java\jdk-11\bin\java.dll
0x00007ff9e2590000 - 0x00007ff9e25a6000 	C:\Program Files\Java\jdk-11\bin\zip.dll
0x00007ff9ea660000 - 0x00007ff9ea66a000 	C:\Program Files\Java\jdk-11\bin\jimage.dll
0x00007ff9f1270000 - 0x00007ff9f1a63000 	C:\WINDOWS\System32\SHELL32.dll
0x00007ff9ee0b0000 - 0x00007ff9ee92a000 	C:\WINDOWS\SYSTEM32\windows.storage.dll
0x00007ff9f1ad0000 - 0x00007ff9f1baa000 	C:\WINDOWS\System32\SHCORE.dll
0x00007ff9f20c0000 - 0x00007ff9f211e000 	C:\WINDOWS\System32\shlwapi.dll
0x00007ff9f0070000 - 0x00007ff9f0091000 	C:\WINDOWS\SYSTEM32\profapi.dll
0x00007ff9e02d0000 - 0x00007ff9e02e9000 	C:\Program Files\Java\jdk-11\bin\net.dll
0x00007ff9e9ad0000 - 0x00007ff9e9bfd000 	C:\WINDOWS\SYSTEM32\WINHTTP.dll
0x00007ff9ef590000 - 0x00007ff9ef5f9000 	C:\WINDOWS\system32\mswsock.dll
0x00007ff9dc560000 - 0x00007ff9dc573000 	C:\Program Files\Java\jdk-11\bin\nio.dll
0x00007ff9e99d0000 - 0x00007ff9e99d9000 	C:\Program Files\Java\jdk-11\bin\management.dll
0x00007ff9e5060000 - 0x00007ff9e506c000 	C:\Program Files\Java\jdk-11\bin\management_ext.dll
0x00007ff9de010000 - 0x00007ff9de027000 	C:\WINDOWS\system32\napinsp.dll
0x00007ff9dcb40000 - 0x00007ff9dcb5a000 	C:\WINDOWS\system32\pnrpnsp.dll
0x00007ff9dcb10000 - 0x00007ff9dcb31000 	C:\WINDOWS\system32\nlansp_c.dll
0x00007ff9eebb0000 - 0x00007ff9eecb0000 	C:\WINDOWS\SYSTEM32\DNSAPI.dll
0x00007ff9eeb80000 - 0x00007ff9eebae000 	C:\WINDOWS\SYSTEM32\IPHLPAPI.DLL
0x00007ff9f2730000 - 0x00007ff9f2739000 	C:\WINDOWS\System32\NSI.dll
0x00007ff9dcaf0000 - 0x00007ff9dcb01000 	C:\WINDOWS\System32\winrnr.dll
0x00007ff9e29d0000 - 0x00007ff9e29e5000 	C:\WINDOWS\system32\wshbth.dll
0x00007ff9e0640000 - 0x00007ff9e064a000 	C:\Windows\System32\rasadhlp.dll
0x00007ff9e21e0000 - 0x00007ff9e2264000 	C:\WINDOWS\System32\fwpuclnt.dll
0x00007ff9ef830000 - 0x00007ff9ef84b000 	C:\WINDOWS\SYSTEM32\CRYPTSP.dll
0x00007ff9ef070000 - 0x00007ff9ef0a4000 	C:\WINDOWS\system32\rsaenh.dll
0x00007ff9ef6c0000 - 0x00007ff9ef6e8000 	C:\WINDOWS\SYSTEM32\USERENV.dll
0x00007ff9ef9e0000 - 0x00007ff9efa08000 	C:\WINDOWS\SYSTEM32\bcrypt.dll
0x00007ff9ef820000 - 0x00007ff9ef82c000 	C:\WINDOWS\SYSTEM32\CRYPTBASE.dll
0x00007ff9e2550000 - 0x00007ff9e2569000 	C:\WINDOWS\SYSTEM32\dhcpcsvc6.DLL
0x00007ff9e2520000 - 0x00007ff9e253f000 	C:\WINDOWS\SYSTEM32\dhcpcsvc.DLL

dbghelp: loaded successfully - version: 4.0.5 - missing functions: none
symbol engine: initialized successfully - sym options: 0x614 - pdb path: .;C:\Program Files\Java\jdk-11\bin;C:\WINDOWS\SYSTEM32;C:\WINDOWS\WinSxS\amd64_microsoft.windows.common-controls_6595b64144ccf1df_6.0.25276.1000_none_79f89a8ada7db335;C:\Program Files\Java\jdk-11\bin\server

VM Arguments:
jvm_args: -Dcom.sun.management.jmxremote -Dcom.sun.management.jmxremote.port=56728 -Dcom.sun.management.jmxremote.authenticate=false -Dcom.sun.management.jmxremote.ssl=false -Djava.rmi.server.hostname=localhost -Dspring.jmx.enabled=true -Dspring.application.admin.enabled=true -Xverify:none -XX:TieredStopAtLevel=1 -Dspring.boot.project.name=levelout-web -Dfile.encoding=Cp1252 
java_command: com.levelout.web.LeveloutWebApplication --spring.output.ansi.enabled=always
java_class_path (initial): F:\Code\bauhaus\levelout-web\bin\main;C:\Users\tilot\.gradle\caches\modules-2\files-2.1\org.springframework.boot\spring-boot-starter-thymeleaf\2.7.9-SNAPSHOT\f96479bd36dc73c1e0d819407a2279298d9be56b\spring-boot-starter-thymeleaf-2.7.9-SNAPSHOT.jar;C:\Users\tilot\.gradle\caches\modules-2\files-2.1\org.springframework.boot\spring-boot-starter-web\2.7.9-SNAPSHOT\456c3accc39b9a2ec9eab1b9cc84e459da9e9e73\spring-boot-starter-web-2.7.9-SNAPSHOT.jar;C:\Users\tilot\.gradle\caches\modules-2\files-2.1\org.opensourcebim\bimserverclientlib\1.5.183\681ce82fbb2225ab3b4b49ec86914e614e37fe34\bimserverclientlib-1.5.183.jar;C:\Users\tilot\.gradle\caches\modules-2\files-2.1\org.springframework.boot\spring-boot-starter-json\2.7.9-SNAPSHOT\24f534be7e5dc9786cab066bbd5d849ec3a4ad4b\spring-boot-starter-json-2.7.9-SNAPSHOT.jar;C:\Users\tilot\.gradle\caches\modules-2\files-2.1\org.springframework.boot\spring-boot-starter\2.7.9-SNAPSHOT\410442614e65490eb6ba56d7d9767b525012648\spring-boot-starter-2.7.9-SNAPSHOT.jar;C:\Users\tilot\.gradle\caches\modules-2\files-2.1\org.thymeleaf\thymeleaf-spring5\3.0.15.RELEASE\7170e1bcd1588d38c139f7048ebcc262676441c3\thymeleaf-spring5-3.0.15.RELEASE.jar;C:\Users\tilot\.gradle\caches\modules-2\files-2.1\org.thymeleaf.extras\thymeleaf-extras-java8time\3.0.4.RELEASE\36e7175ddce36c486fff4578b5af7bb32f54f5df\thymeleaf-extras-java8time-3.0.4.RELEASE.jar;C:\Users\tilot\.gradle\caches\modules-2\files-2.1\org.springframework.boot\spring-boot-starter-tomcat\2.7.9-SNAPSHOT\364edea4abe0e5200c40327ab54983fa538de8e4\spring-boot-starter-tomcat-2.7.9-SNAPSHOT.jar;C:\Users\tilot\.gradle\caches\modules-2\files-2.1\org.springframework\spring-webmvc\5.3.25\62a8258bcc4f7a58dd69af5140481b64653c90\spring-webmvc-5.3.25.jar;C:\Users\tilot\.gradle\caches\modules-2\files-2.1\org.springframework\spring-web\5.3.25\c69815e7931cd3ce7f19cc8028fd1c36626120d6\spring-web-5.3.25.jar;C:\Users\tilot\.gradle\caches\modules-2\files-2.1\org.eclipse.jetty.websocket\websocke
Launcher Type: SUN_STANDARD

[Global flags]
     bool BytecodeVerificationLocal                = false                                     {product} {command line}
     bool BytecodeVerificationRemote               = false                                     {product} {command line}
     intx CICompilerCount                          = 3                                         {product} {ergonomic}
     uint ConcGCThreads                            = 1                                         {product} {ergonomic}
     uint G1ConcRefinementThreads                  = 4                                         {product} {ergonomic}
   size_t G1HeapRegionSize                         = 1048576                                   {product} {ergonomic}
    uintx GCDrainStackTargetSize                   = 64                                        {product} {ergonomic}
   size_t InitialHeapSize                          = 333447168                                 {product} {ergonomic}
     bool ManagementServer                         = true                                      {product} {command line}
   size_t MarkStackSize                            = 4194304                                   {product} {ergonomic}
   size_t MaxHeapSize                              = 5333057536                                {product} {ergonomic}
   size_t MaxNewSize                               = 3199205376                                {product} {ergonomic}
   size_t MinHeapDeltaBytes                        = 1048576                                   {product} {ergonomic}
    uintx NonNMethodCodeHeapSize                   = 6973028                                {pd product} {ergonomic}
    uintx NonProfiledCodeHeapSize                  = 244685212                              {pd product} {ergonomic}
    uintx ProfiledCodeHeapSize                     = 0                                      {pd product} {ergonomic}
    uintx ReservedCodeCacheSize                    = 251658240                              {pd product} {ergonomic}
     bool SegmentedCodeCache                       = true                                      {product} {ergonomic}
     intx TieredStopAtLevel                        = 1                                         {product} {command line}
     bool UseCompressedClassPointers               = true                                 {lp64_product} {ergonomic}
     bool UseCompressedOops                        = true                                 {lp64_product} {ergonomic}
     bool UseG1GC                                  = true                                      {product} {ergonomic}
     bool UseLargePagesIndividualAllocation        = false                                  {pd product} {ergonomic}

Logging:
Log output configuration:
 #0: stdout all=warning uptime,level,tags
 #1: stderr all=off uptime,level,tags

Environment Variables:
JAVA_HOME=C:\Program Files\Java\jdk-11
PATH=C:/Program Files/Java/jdk-11/bin/server;C:/Program Files/Java/jdk-11/bin;C:\Python27\;C:\Python27\Scripts;C:\Program Files (x86)\Intel\Intel(R) Management Engine Components\iCLS\;C:\Program Files\Intel\Intel(R) Management Engine Components\iCLS\;C:\WINDOWS\system32;C:\WINDOWS;C:\WINDOWS\System32\Wbem;C:\WINDOWS\System32\WindowsPowerShell\v1.0\;C:\WINDOWS\System32\OpenSSH\;C:\Program Files (x86)\Intel\Intel(R) Management Engine Components\DAL;C:\Program Files\Intel\Intel(R) Management Engine Components\DAL;F:\Tools\gradle-6.5.1\bin;F:\Tools\curl-7.65.3-win64-mingw\bin;C:\ProgramData\chocolatey\bin;C:\Program Files\TortoiseGit\bin;C:\Users\tilot\AppData\Roaming\nvm;C:\Program Files\nodejs;C:\Program Files\MongoDB\Server\4.4\bin;F:\Tools\Git\cmd;C:\Users\tilot\AppData\Local\Programs\Python\Python310\Scripts\;C:\Users\tilot\AppData\Local\Programs\Python\Python310\;C:\Python27\;C:\Python27\Scripts;C:\Program Files (x86)\Intel\Intel(R) Management Engine Components\iCLS\;C:\Program Files\Intel\Intel(R) Management Engine Components\iCLS\;C:\WINDOWS\system32;C:\WINDOWS;C:\WINDOWS\System32\Wbem;C:\WINDOWS\System32\WindowsPowerShell\v1.0\;C:\WINDOWS\System32\OpenSSH\;C:\Program Files (x86)\Intel\Intel(R) Management Engine Components\DAL;C:\Program Files\Intel\Intel(R) Management Engine Components\DAL;F:\Tools\gradle-6.5.1\bin;F:\Tools\curl-7.65.3-win64-mingw\bin;C:\ProgramData\chocolatey\bin;C:\Program Files\TortoiseGit\bin;F:\Tools\Git\cmd;C:\Users\tilot\AppData\Roaming\nvm;C:\Program Files\nodejs;C:\Users\tilot\AppData\Local\Microsoft\WindowsApps;C:\Users\tilot\AppData\Roaming\npm;C:\Users\tilot\AppData\Local\Programs\Microsoft VS Code\bin;C:\Program Files\Java\jdk-11\bin;C:\Users\tilot\AppData\Local\atom\bin;C:\Users\tilot\AppData\Local\Microsoft\WindowsApps;;C:\Program Files\JetBrains\PyCharm Community Edition 2021.2.3\bin;;C:\Program Files\JetBrains\IntelliJ IDEA Community Edition 2022.1\bin;;F:\Tools\sts-4.3.1.RELEASE;
USERNAME=tilot
OS=Windows_NT
PROCESSOR_IDENTIFIER=Intel64 Family 6 Model 142 Stepping 10, GenuineIntel



---------------  S Y S T E M  ---------------

OS: Windows 10 , 64 bit Build 25276 (10.0.25276.1000)

CPU:total 4 (initial active 4) (2 cores per cpu, 2 threads per core) family 6 model 142 stepping 10, cmov, cx8, fxsr, mmx, sse, sse2, sse3, ssse3, sse4.1, sse4.2, popcnt, avx, avx2, aes, clmul, erms, 3dnowpref, lzcnt, ht, tsc, tscinvbit, bmi1, bmi2, adx, fma

Memory: 4k page, system-wide physical 20340M (11742M free)
TotalPageFile size 23412M (AvailPageFile size 13540M)
current process WorkingSet (physical memory assigned to process): 103M, peak: 103M
current process commit charge ("private bytes"): 420M, peak: 420M

vm_info: OpenJDK 64-Bit Server VM (11+28) for windows-amd64 JRE (11+28), built on Aug 23 2018 03:04:58 by "mach5one" with MS VC++ 15.5 (VS2017)

END.
